app/build/intermediates/manifest_merge_blame_file/debug/processDebugMainManifest/manifest-merger-blame-debug-report.txt
1<?xml version="1.0" encoding="utf-8"?>
2<manifest xmlns:android="http://schemas.android.com/apk/res/android"
3    package="com.bekambimouen.miiokychallenge"
4    android:versionCode="14"
5    android:versionName="1.1.63" >
6
7    <uses-sdk
8        android:minSdkVersion="24"
9        android:targetSdkVersion="34" />
10    <!-- prevents installing the application on devices with no camera -->
11    <uses-feature
11-->src\main\AndroidManifest.xml:5:5-7:36
12        android:name="android.hardware.camera"
12-->src\main\AndroidManifest.xml:6:9-47
13        android:required="false" />
13-->src\main\AndroidManifest.xml:7:9-33
14    <uses-feature
14-->src\main\AndroidManifest.xml:8:5-10:36
15        android:name="android.hardware.camera.autofocus"
15-->src\main\AndroidManifest.xml:9:9-57
16        android:required="false" />
16-->src\main\AndroidManifest.xml:10:9-33
17    <uses-feature
17-->src\main\AndroidManifest.xml:11:5-13:36
18        android:name="android.hardware.camera.flash"
18-->src\main\AndroidManifest.xml:12:9-53
19        android:required="false" />
19-->src\main\AndroidManifest.xml:13:9-33
20
21    <uses-permission android:name="android.permission.CAMERA" />
21-->src\main\AndroidManifest.xml:15:5-65
21-->src\main\AndroidManifest.xml:15:22-62
22    <uses-permission android:name="android.permission.ACCESS_NETWORK_STATE" />
22-->src\main\AndroidManifest.xml:16:5-79
22-->src\main\AndroidManifest.xml:16:22-76
23    <uses-permission android:name="android.permission.INTERNET" />
23-->src\main\AndroidManifest.xml:17:5-67
23-->src\main\AndroidManifest.xml:17:22-64
24    <uses-permission android:name="android.permission.READ_EXTERNAL_STORAGE" />
24-->src\main\AndroidManifest.xml:18:5-80
24-->src\main\AndroidManifest.xml:18:22-77
25    <uses-permission android:name="android.permission.WRITE_EXTERNAL_STORAGE" />
25-->src\main\AndroidManifest.xml:19:5-81
25-->src\main\AndroidManifest.xml:19:22-78
26    <uses-permission android:name="android.permission.WRITE_MEDIA_STORAGE" />
26-->src\main\AndroidManifest.xml:20:5-22:47
26-->src\main\AndroidManifest.xml:21:9-62
27    <uses-permission android:name="android.permission.MANAGE_EXTERNAL_STORAGE" />
27-->src\main\AndroidManifest.xml:23:5-25:40
27-->src\main\AndroidManifest.xml:24:9-66
28    <uses-permission android:name="android.permission.FOREGROUND_SERVICE" />
28-->src\main\AndroidManifest.xml:26:5-77
28-->src\main\AndroidManifest.xml:26:22-74
29    <uses-permission android:name="android.permission.RECORD_AUDIO" />
29-->src\main\AndroidManifest.xml:27:5-71
29-->src\main\AndroidManifest.xml:27:22-68
30    <uses-permission android:name="android.permission.READ_MEDIA_VIDEO" />
30-->src\main\AndroidManifest.xml:28:5-75
30-->src\main\AndroidManifest.xml:28:22-72
31    <uses-permission android:name="android.permission.READ_MEDIA_VISUAL_USER_SELECTED" />
31-->src\main\AndroidManifest.xml:29:5-90
31-->src\main\AndroidManifest.xml:29:22-87
32    <uses-permission android:name="android.permission.WAKE_LOCK" />
32-->[com.google.android.gms:play-services-measurement-api:22.1.0] AndroidManifest.xml:24:5-68
32-->[com.google.android.gms:play-services-measurement-api:22.1.0] AndroidManifest.xml:24:22-65
33    <uses-permission android:name="com.google.android.gms.permission.AD_ID" />
33-->[com.google.android.gms:play-services-measurement-api:22.1.0] AndroidManifest.xml:25:5-79
33-->[com.google.android.gms:play-services-measurement-api:22.1.0] AndroidManifest.xml:25:22-76
34    <uses-permission android:name="android.permission.ACCESS_ADSERVICES_ATTRIBUTION" />
34-->[com.google.android.gms:play-services-measurement-api:22.1.0] AndroidManifest.xml:26:5-88
34-->[com.google.android.gms:play-services-measurement-api:22.1.0] AndroidManifest.xml:26:22-85
35    <uses-permission android:name="android.permission.ACCESS_ADSERVICES_AD_ID" />
35-->[com.google.android.gms:play-services-measurement-api:22.1.0] AndroidManifest.xml:27:5-82
35-->[com.google.android.gms:play-services-measurement-api:22.1.0] AndroidManifest.xml:27:22-79
36    <uses-permission android:name="com.bekambimouen.miiokychallenge.DYNAMIC_RECEIVER_NOT_EXPORTED_PERMISSION" />
36-->[com.google.android.gms:play-services-analytics-impl:18.1.0] AndroidManifest.xml:12:5-97
36-->[com.google.android.gms:play-services-analytics-impl:18.1.0] AndroidManifest.xml:12:22-94
37    <uses-permission android:name="com.google.android.finsky.permission.BIND_GET_INSTALL_REFERRER_SERVICE" />
37-->[com.google.android.gms:play-services-measurement:22.1.0] AndroidManifest.xml:26:5-110
37-->[com.google.android.gms:play-services-measurement:22.1.0] AndroidManifest.xml:26:22-107
38    <uses-permission android:name="com.google.android.providers.gsf.permission.READ_GSERVICES" />
38-->[com.google.android.recaptcha:recaptcha:18.4.0] AndroidManifest.xml:9:5-98
38-->[com.google.android.recaptcha:recaptcha:18.4.0] AndroidManifest.xml:9:22-95
39
40    <permission
40-->[androidx.core:core:1.13.1] AndroidManifest.xml:22:5-24:47
41        android:name="com.bekambimouen.miiokychallenge.DYNAMIC_RECEIVER_NOT_EXPORTED_PERMISSION"
41-->[androidx.core:core:1.13.1] AndroidManifest.xml:23:9-81
42        android:protectionLevel="signature" />
42-->[androidx.core:core:1.13.1] AndroidManifest.xml:24:9-44
43
44    <application
44-->src\main\AndroidManifest.xml:31:5-645:19
45        android:name="com.bekambimouen.miiokychallenge.App"
45-->src\main\AndroidManifest.xml:32:9-28
46        android:allowBackup="true"
46-->src\main\AndroidManifest.xml:33:9-35
47        android:appComponentFactory="androidx.core.app.CoreComponentFactory"
47-->[androidx.core:core:1.13.1] AndroidManifest.xml:28:18-86
48        android:dataExtractionRules="@xml/data_extraction_rules"
48-->src\main\AndroidManifest.xml:34:9-65
49        android:debuggable="true"
50        android:extractNativeLibs="false"
51        android:fullBackupContent="@xml/backup_rules"
51-->src\main\AndroidManifest.xml:35:9-54
52        android:icon="@mipmap/logo"
52-->src\main\AndroidManifest.xml:36:9-36
53        android:label="@string/app_name"
53-->src\main\AndroidManifest.xml:37:9-41
54        android:largeHeap="true"
54-->src\main\AndroidManifest.xml:38:9-33
55        android:persistent="true"
55-->src\main\AndroidManifest.xml:39:9-34
56        android:requestLegacyExternalStorage="true"
56-->src\main\AndroidManifest.xml:40:9-52
57        android:roundIcon="@mipmap/logo"
57-->src\main\AndroidManifest.xml:41:9-41
58        android:supportsRtl="true"
58-->src\main\AndroidManifest.xml:42:9-35
59        android:testOnly="true"
60        android:theme="@style/Theme.MiiokyChallenge"
60-->src\main\AndroidManifest.xml:43:9-53
61        android:usesCleartextTraffic="true" >
61-->src\main\AndroidManifest.xml:44:9-44
62        <activity
62-->src\main\AndroidManifest.xml:46:9-48:40
63            android:name="com.bekambimouen.miiokychallenge.full_img_and_vid_simple.SimpleFullChallengeVideo"
63-->src\main\AndroidManifest.xml:47:13-77
64            android:exported="false" />
64-->src\main\AndroidManifest.xml:48:13-37
65        <activity
65-->src\main\AndroidManifest.xml:49:9-51:40
66            android:name="com.bekambimouen.miiokychallenge.full_img_and_vid_simple.SimpleFullChallengeImage"
66-->src\main\AndroidManifest.xml:50:13-77
67            android:exported="false" />
67-->src\main\AndroidManifest.xml:51:13-37
68        <activity
68-->src\main\AndroidManifest.xml:52:9-54:40
69            android:name="com.bekambimouen.miiokychallenge.profile.VisitProfile"
69-->src\main\AndroidManifest.xml:53:13-49
70            android:exported="false" />
70-->src\main\AndroidManifest.xml:54:13-37
71        <activity
71-->src\main\AndroidManifest.xml:55:9-57:40
72            android:name="com.bekambimouen.miiokychallenge.friends.SeeAllFollowingsRequest"
72-->src\main\AndroidManifest.xml:56:13-60
73            android:exported="false" />
73-->src\main\AndroidManifest.xml:57:13-37
74        <activity
74-->src\main\AndroidManifest.xml:58:9-60:40
75            android:name="com.bekambimouen.miiokychallenge.friends.SeeAllFriendsRequest"
75-->src\main\AndroidManifest.xml:59:13-57
76            android:exported="false" />
76-->src\main\AndroidManifest.xml:60:13-37
77        <activity
77-->src\main\AndroidManifest.xml:61:9-63:40
78            android:name="com.bekambimouen.miiokychallenge.challenge_home.view_my_challenges.ChallengesIResponded"
78-->src\main\AndroidManifest.xml:62:13-83
79            android:exported="false" />
79-->src\main\AndroidManifest.xml:63:13-37
80        <activity
80-->src\main\AndroidManifest.xml:64:9-66:40
81            android:name="com.bekambimouen.miiokychallenge.register.RegisterLogin"
81-->src\main\AndroidManifest.xml:65:13-51
82            android:exported="false" />
82-->src\main\AndroidManifest.xml:66:13-37
83        <activity
83-->src\main\AndroidManifest.xml:67:9-69:40
84            android:name="com.bekambimouen.miiokychallenge.groups.publication.GroupPublicationVideo"
84-->src\main\AndroidManifest.xml:68:13-69
85            android:exported="false" />
85-->src\main\AndroidManifest.xml:69:13-37
86        <activity
86-->src\main\AndroidManifest.xml:70:9-72:40
87            android:name="com.bekambimouen.miiokychallenge.story.UsersHasSawStories"
87-->src\main\AndroidManifest.xml:71:13-53
88            android:exported="false" />
88-->src\main\AndroidManifest.xml:72:13-37
89        <activity
89-->src\main\AndroidManifest.xml:73:9-75:40
90            android:name="com.bekambimouen.miiokychallenge.profile.in_the_spotlight.StatusGallery"
90-->src\main\AndroidManifest.xml:74:13-67
91            android:exported="false" />
91-->src\main\AndroidManifest.xml:75:13-37
92        <activity
92-->src\main\AndroidManifest.xml:76:9-78:40
93            android:name="com.bekambimouen.miiokychallenge.messages.UpdateStatus"
93-->src\main\AndroidManifest.xml:77:13-50
94            android:exported="false" />
94-->src\main\AndroidManifest.xml:78:13-37
95        <activity
95-->src\main\AndroidManifest.xml:79:9-81:40
96            android:name="com.bekambimouen.miiokychallenge.market_place.update.UpdateStoreData"
96-->src\main\AndroidManifest.xml:80:13-64
97            android:exported="false" />
97-->src\main\AndroidManifest.xml:81:13-37
98        <activity
98-->src\main\AndroidManifest.xml:82:9-84:40
99            android:name="com.bekambimouen.miiokychallenge.market_place.update.UpdateProductData"
99-->src\main\AndroidManifest.xml:83:13-66
100            android:exported="false" />
100-->src\main\AndroidManifest.xml:84:13-37
101        <activity
101-->src\main\AndroidManifest.xml:85:9-88:59
102            android:name="com.bekambimouen.miiokychallenge.market_place.search.MarketResultSearch"
102-->src\main\AndroidManifest.xml:86:13-67
103            android:exported="false"
103-->src\main\AndroidManifest.xml:87:13-37
104            android:windowSoftInputMode="adjustNothing" />
104-->src\main\AndroidManifest.xml:88:13-56
105        <activity
105-->src\main\AndroidManifest.xml:89:9-91:40
106            android:name="com.bekambimouen.miiokychallenge.market_place.recycler_full_image.MarketRecyclerFullImage"
106-->src\main\AndroidManifest.xml:90:13-85
107            android:exported="false" />
107-->src\main\AndroidManifest.xml:91:13-37
108        <activity
108-->src\main\AndroidManifest.xml:92:9-94:40
109            android:name="com.bekambimouen.miiokychallenge.groups.publication.GroupCreateMemberBackgroundProfilePhoto"
109-->src\main\AndroidManifest.xml:93:13-87
110            android:exported="false" />
110-->src\main\AndroidManifest.xml:94:13-37
111        <activity
111-->src\main\AndroidManifest.xml:95:9-97:40
112            android:name="com.bekambimouen.miiokychallenge.groups.GroupMembersPage"
112-->src\main\AndroidManifest.xml:96:13-52
113            android:exported="false" />
113-->src\main\AndroidManifest.xml:97:13-37
114        <activity
114-->src\main\AndroidManifest.xml:98:9-100:40
115            android:name="com.bekambimouen.miiokychallenge.groups.GroupMembersLists"
115-->src\main\AndroidManifest.xml:99:13-53
116            android:exported="false" />
116-->src\main\AndroidManifest.xml:100:13-37
117        <activity
117-->src\main\AndroidManifest.xml:101:9-103:40
118            android:name="com.bekambimouen.miiokychallenge.groups.simple_member.GroupSeeAllMembers"
118-->src\main\AndroidManifest.xml:102:13-68
119            android:exported="false" />
119-->src\main\AndroidManifest.xml:103:13-37
120        <activity
120-->src\main\AndroidManifest.xml:104:9-108:56
121            android:name="com.bekambimouen.miiokychallenge.video_trimmer.ActVideoTrimmer"
121-->src\main\AndroidManifest.xml:105:13-58
122            android:exported="true"
122-->src\main\AndroidManifest.xml:106:13-36
123            android:launchMode="singleTask"
123-->src\main\AndroidManifest.xml:107:13-44
124            android:theme="@style/VideoTrimmerTheme" />
124-->src\main\AndroidManifest.xml:108:13-53
125        <activity
125-->src\main\AndroidManifest.xml:109:9-111:40
126            android:name="com.bekambimouen.miiokychallenge.groups.photos_videos_only.GroupViewOnlyVideos"
126-->src\main\AndroidManifest.xml:110:13-74
127            android:exported="false" />
127-->src\main\AndroidManifest.xml:111:13-37
128        <activity
128-->src\main\AndroidManifest.xml:112:9-114:40
129            android:name="com.bekambimouen.miiokychallenge.groups.photos_videos_only.GroupViewOnlyPhotos"
129-->src\main\AndroidManifest.xml:113:13-74
130            android:exported="false" />
130-->src\main\AndroidManifest.xml:114:13-37
131        <activity
131-->src\main\AndroidManifest.xml:115:9-117:40
132            android:name="com.bekambimouen.miiokychallenge.groups.parameters.GroupsFollowing"
132-->src\main\AndroidManifest.xml:116:13-62
133            android:exported="false" />
133-->src\main\AndroidManifest.xml:117:13-37
134        <activity
134-->src\main\AndroidManifest.xml:118:9-120:40
135            android:name="com.bekambimouen.miiokychallenge.groups.parameters.GroupInvitPersons"
135-->src\main\AndroidManifest.xml:119:13-64
136            android:exported="false" />
136-->src\main\AndroidManifest.xml:120:13-37
137        <activity
137-->src\main\AndroidManifest.xml:121:9-123:40
138            android:name="com.bekambimouen.miiokychallenge.groups.parameters.GroupAdhesion"
138-->src\main\AndroidManifest.xml:122:13-60
139            android:exported="false" />
139-->src\main\AndroidManifest.xml:123:13-37
140        <activity
140-->src\main\AndroidManifest.xml:124:9-126:40
141            android:name="com.bekambimouen.miiokychallenge.groups.manage_member.suspend.SuspensionExpalanation"
141-->src\main\AndroidManifest.xml:125:13-80
142            android:exported="false" />
142-->src\main\AndroidManifest.xml:126:13-37
143        <activity
143-->src\main\AndroidManifest.xml:127:9-129:40
144            android:name="com.bekambimouen.miiokychallenge.groups.manage_member.limit_member_actions.LimitActivityExplanation"
144-->src\main\AndroidManifest.xml:128:13-95
145            android:exported="false" />
145-->src\main\AndroidManifest.xml:129:13-37
146        <activity
146-->src\main\AndroidManifest.xml:130:9-132:40
147            android:name="com.bekambimouen.miiokychallenge.groups.invite_user_in_group.InvitePersonsAfterGroupCreated"
147-->src\main\AndroidManifest.xml:131:13-87
148            android:exported="false" />
148-->src\main\AndroidManifest.xml:132:13-37
149        <activity
149-->src\main\AndroidManifest.xml:133:9-135:40
150            android:name="com.bekambimouen.miiokychallenge.groups.parameters.GroupSearchInGroup"
150-->src\main\AndroidManifest.xml:134:13-65
151            android:exported="false" />
151-->src\main\AndroidManifest.xml:135:13-37
152        <activity
152-->src\main\AndroidManifest.xml:136:9-138:40
153            android:name="com.bekambimouen.miiokychallenge.groups.parameters.GroupParameters"
153-->src\main\AndroidManifest.xml:137:13-62
154            android:exported="false" />
154-->src\main\AndroidManifest.xml:138:13-37
155        <activity
155-->src\main\AndroidManifest.xml:139:9-141:40
156            android:name="com.bekambimouen.miiokychallenge.groups.manage_member.group_where_user_is_member.GroupWhereUserIsMember"
156-->src\main\AndroidManifest.xml:140:13-99
157            android:exported="false" />
157-->src\main\AndroidManifest.xml:141:13-37
158        <activity
158-->src\main\AndroidManifest.xml:142:9-144:40
159            android:name="com.bekambimouen.miiokychallenge.groups.GroupHistory"
159-->src\main\AndroidManifest.xml:143:13-48
160            android:exported="false" />
160-->src\main\AndroidManifest.xml:144:13-37
161        <activity
161-->src\main\AndroidManifest.xml:145:9-147:40
162            android:name="com.bekambimouen.miiokychallenge.groups.publication.GroupPublicationPhoto"
162-->src\main\AndroidManifest.xml:146:13-69
163            android:exported="false" />
163-->src\main\AndroidManifest.xml:147:13-37
164        <activity
164-->src\main\AndroidManifest.xml:148:9-150:40
165            android:name="com.bekambimouen.miiokychallenge.groups.publication.GroupPubCommentText"
165-->src\main\AndroidManifest.xml:149:13-67
166            android:exported="false" />
166-->src\main\AndroidManifest.xml:150:13-37
167        <activity
167-->src\main\AndroidManifest.xml:151:9-153:40
168            android:name="com.bekambimouen.miiokychallenge.groups.invite_user_in_group.PersonInvitedInGroup"
168-->src\main\AndroidManifest.xml:152:13-77
169            android:exported="false" />
169-->src\main\AndroidManifest.xml:153:13-37
170        <activity
170-->src\main\AndroidManifest.xml:154:9-156:40
171            android:name="com.bekambimouen.miiokychallenge.groups.invite_user_in_group.GroupInviteNewMembers"
171-->src\main\AndroidManifest.xml:155:13-78
172            android:exported="false" />
172-->src\main\AndroidManifest.xml:156:13-37
173        <activity
173-->src\main\AndroidManifest.xml:157:9-159:40
174            android:name="com.bekambimouen.miiokychallenge.groups.manage_member.post_approval.GroupWaitingApproval"
174-->src\main\AndroidManifest.xml:158:13-84
175            android:exported="false" />
175-->src\main\AndroidManifest.xml:159:13-37
176        <activity
176-->src\main\AndroidManifest.xml:160:9-162:40
177            android:name="com.bekambimouen.miiokychallenge.groups.administrators.GroupSeeListOfAllAdminsAndModerators"
177-->src\main\AndroidManifest.xml:161:13-87
178            android:exported="false" />
178-->src\main\AndroidManifest.xml:162:13-37
179        <activity
179-->src\main\AndroidManifest.xml:163:9-165:40
180            android:name="com.bekambimouen.miiokychallenge.groups.administrators.GroupSeeAllMembersByAdmin"
180-->src\main\AndroidManifest.xml:164:13-76
181            android:exported="false" />
181-->src\main\AndroidManifest.xml:165:13-37
182        <activity
182-->src\main\AndroidManifest.xml:166:9-168:40
183            android:name="com.bekambimouen.miiokychallenge.groups.administrators.GroupManege"
183-->src\main\AndroidManifest.xml:167:13-62
184            android:exported="false" />
184-->src\main\AndroidManifest.xml:168:13-37
185        <activity
185-->src\main\AndroidManifest.xml:169:9-171:40
186            android:name="com.bekambimouen.miiokychallenge.groups.see_member_profile.SeeGroupAllProfile"
186-->src\main\AndroidManifest.xml:170:13-73
187            android:exported="false" />
187-->src\main\AndroidManifest.xml:171:13-37
188        <activity
188-->src\main\AndroidManifest.xml:172:9-174:40
189            android:name="com.bekambimouen.miiokychallenge.groups.photos_videos_only.GroupOnlyVideoGradle"
189-->src\main\AndroidManifest.xml:173:13-75
190            android:exported="false" />
190-->src\main\AndroidManifest.xml:174:13-37
191        <activity
191-->src\main\AndroidManifest.xml:175:9-177:40
192            android:name="com.bekambimouen.miiokychallenge.groups.photos_videos_only.GroupOnlyPhotoGradle"
192-->src\main\AndroidManifest.xml:176:13-75
193            android:exported="false" />
193-->src\main\AndroidManifest.xml:177:13-37
194        <activity
194-->src\main\AndroidManifest.xml:178:9-180:40
195            android:name="com.bekambimouen.miiokychallenge.groups.invite_user_in_group.GroupInviteFromSameTown"
195-->src\main\AndroidManifest.xml:179:13-80
196            android:exported="false" />
196-->src\main\AndroidManifest.xml:180:13-37
197        <activity
197-->src\main\AndroidManifest.xml:181:9-183:40
198            android:name="com.bekambimouen.miiokychallenge.groups.see_member_profile.SeeGroupMemberAllBackgroundProfile"
198-->src\main\AndroidManifest.xml:182:13-89
199            android:exported="false" />
199-->src\main\AndroidManifest.xml:183:13-37
200        <activity
200-->src\main\AndroidManifest.xml:184:9-187:58
201            android:name="com.bekambimouen.miiokychallenge.groups.GroupUpdateMember"
201-->src\main\AndroidManifest.xml:185:13-53
202            android:exported="false"
202-->src\main\AndroidManifest.xml:186:13-37
203            android:windowSoftInputMode="adjustResize" />
203-->src\main\AndroidManifest.xml:187:13-55
204        <activity
204-->src\main\AndroidManifest.xml:188:9-190:40
205            android:name="com.bekambimouen.miiokychallenge.groups.publication.GroupCreateNewGroup"
205-->src\main\AndroidManifest.xml:189:13-67
206            android:exported="false" />
206-->src\main\AndroidManifest.xml:190:13-37
207        <activity
207-->src\main\AndroidManifest.xml:191:9-193:40
208            android:name="com.bekambimouen.miiokychallenge.groups.manage_member.suspend.GroupSuspendMember"
208-->src\main\AndroidManifest.xml:192:13-76
209            android:exported="false" />
209-->src\main\AndroidManifest.xml:193:13-37
210        <activity
210-->src\main\AndroidManifest.xml:194:9-196:40
211            android:name="com.bekambimouen.miiokychallenge.groups.manage_member.suspend.GroupAddRulesWithExample"
211-->src\main\AndroidManifest.xml:195:13-82
212            android:exported="false" />
212-->src\main\AndroidManifest.xml:196:13-37
213        <activity
213-->src\main\AndroidManifest.xml:197:9-199:40
214            android:name="com.bekambimouen.miiokychallenge.groups.manage_member.limit_member_actions.LimitMemberAction"
214-->src\main\AndroidManifest.xml:198:13-88
215            android:exported="false" />
215-->src\main\AndroidManifest.xml:199:13-37
216        <activity
216-->src\main\AndroidManifest.xml:200:9-202:40
217            android:name="com.bekambimouen.miiokychallenge.groups.manage_member.membership.GroupMembership"
217-->src\main\AndroidManifest.xml:201:13-76
218            android:exported="false" />
218-->src\main\AndroidManifest.xml:202:13-37
219        <activity
219-->src\main\AndroidManifest.xml:203:9-205:40
220            android:name="com.bekambimouen.miiokychallenge.groups.child_recyclerview_share.comment.GroupChildRecyclerResponseCommentShare"
220-->src\main\AndroidManifest.xml:204:13-107
221            android:exported="false" />
221-->src\main\AndroidManifest.xml:205:13-37
222        <activity
222-->src\main\AndroidManifest.xml:206:9-208:40
223            android:name="com.bekambimouen.miiokychallenge.groups.child_recyclerview.comment.GroupChildRecyclerResponseComment"
223-->src\main\AndroidManifest.xml:207:13-96
224            android:exported="false" />
224-->src\main\AndroidManifest.xml:208:13-37
225        <activity
225-->src\main\AndroidManifest.xml:209:9-211:40
226            android:name="com.bekambimouen.miiokychallenge.market_place.comment.store_comment.publication.StoreCommentPublication"
226-->src\main\AndroidManifest.xml:210:13-99
227            android:exported="false" />
227-->src\main\AndroidManifest.xml:211:13-37
228        <activity
228-->src\main\AndroidManifest.xml:212:9-214:40
229            android:name="com.bekambimouen.miiokychallenge.market_place.comment.store_comment.StoreResponseComment"
229-->src\main\AndroidManifest.xml:213:13-84
230            android:exported="false" />
230-->src\main\AndroidManifest.xml:214:13-37
231        <activity
231-->src\main\AndroidManifest.xml:215:9-217:40
232            android:name="com.bekambimouen.miiokychallenge.market_place.MarketStore"
232-->src\main\AndroidManifest.xml:216:13-53
233            android:exported="false" />
233-->src\main\AndroidManifest.xml:217:13-37
234        <activity
234-->src\main\AndroidManifest.xml:218:9-220:40
235            android:name="com.bekambimouen.miiokychallenge.market_place.comment.product_comment.publication.ProductCommentPublication"
235-->src\main\AndroidManifest.xml:219:13-103
236            android:exported="false" />
236-->src\main\AndroidManifest.xml:220:13-37
237        <activity
237-->src\main\AndroidManifest.xml:221:9-223:40
238            android:name="com.bekambimouen.miiokychallenge.market_place.comment.product_comment.ProductResponseComment"
238-->src\main\AndroidManifest.xml:222:13-88
239            android:exported="false" />
239-->src\main\AndroidManifest.xml:223:13-37
240        <activity
240-->src\main\AndroidManifest.xml:224:9-226:40
241            android:name="com.bekambimouen.miiokychallenge.market_place.search.MarketSearchStore"
241-->src\main\AndroidManifest.xml:225:13-66
242            android:exported="false" />
242-->src\main\AndroidManifest.xml:226:13-37
243        <activity
243-->src\main\AndroidManifest.xml:227:9-230:58
244            android:name="com.bekambimouen.miiokychallenge.market_place.publication.CreateNewStore"
244-->src\main\AndroidManifest.xml:228:13-68
245            android:exported="false"
245-->src\main\AndroidManifest.xml:229:13-37
246            android:windowSoftInputMode="adjustResize" />
246-->src\main\AndroidManifest.xml:230:13-55
247        <activity
247-->src\main\AndroidManifest.xml:231:9-234:58
248            android:name="com.bekambimouen.miiokychallenge.market_place.publication.SellInMarket"
248-->src\main\AndroidManifest.xml:232:13-66
249            android:exported="false"
249-->src\main\AndroidManifest.xml:233:13-37
250            android:windowSoftInputMode="adjustResize" />
250-->src\main\AndroidManifest.xml:234:13-55
251        <activity
251-->src\main\AndroidManifest.xml:235:9-238:58
252            android:name="com.bekambimouen.miiokychallenge.market_place.publication.LocationPublication"
252-->src\main\AndroidManifest.xml:236:13-73
253            android:exported="false"
253-->src\main\AndroidManifest.xml:237:13-37
254            android:windowSoftInputMode="adjustResize" />
254-->src\main\AndroidManifest.xml:238:13-55
255        <activity
255-->src\main\AndroidManifest.xml:239:9-242:58
256            android:name="com.bekambimouen.miiokychallenge.market_place.publication.MarketSellInStore"
256-->src\main\AndroidManifest.xml:240:13-71
257            android:exported="false"
257-->src\main\AndroidManifest.xml:241:13-37
258            android:windowSoftInputMode="adjustResize" />
258-->src\main\AndroidManifest.xml:242:13-55
259        <activity
259-->src\main\AndroidManifest.xml:243:9-245:40
260            android:name="com.bekambimouen.miiokychallenge.market_place.MarketAboutProduct"
260-->src\main\AndroidManifest.xml:244:13-60
261            android:exported="false" />
261-->src\main\AndroidManifest.xml:245:13-37
262        <activity
262-->src\main\AndroidManifest.xml:246:9-248:40
263            android:name="com.bekambimouen.miiokychallenge.groups.discover.GroupPublicViewProfileDiscover"
263-->src\main\AndroidManifest.xml:247:13-75
264            android:exported="false" />
264-->src\main\AndroidManifest.xml:248:13-37
265        <activity
265-->src\main\AndroidManifest.xml:249:9-251:40
266            android:name="com.bekambimouen.miiokychallenge.groups.manage_member.membership.AcceptPrivateRules"
266-->src\main\AndroidManifest.xml:250:13-79
267            android:exported="false" />
267-->src\main\AndroidManifest.xml:251:13-37
268        <activity
268-->src\main\AndroidManifest.xml:252:9-254:40
269            android:name="com.bekambimouen.miiokychallenge.groups.discover.GroupPrivateViewProfileDiscover"
269-->src\main\AndroidManifest.xml:253:13-76
270            android:exported="false" />
270-->src\main\AndroidManifest.xml:254:13-37
271        <activity
271-->src\main\AndroidManifest.xml:255:9-257:40
272            android:name="com.bekambimouen.miiokychallenge.messages.ChatContacts"
272-->src\main\AndroidManifest.xml:256:13-50
273            android:exported="false" />
273-->src\main\AndroidManifest.xml:257:13-37
274        <activity
274-->src\main\AndroidManifest.xml:258:9-260:40
275            android:name="com.bekambimouen.miiokychallenge.comment_fun.ViewCommentFun"
275-->src\main\AndroidManifest.xml:259:13-55
276            android:exported="false" />
276-->src\main\AndroidManifest.xml:260:13-37
277        <activity
277-->src\main\AndroidManifest.xml:261:9-263:40
278            android:name="com.bekambimouen.miiokychallenge.child_recyclerview.comment.ChildRecyclerResponseComment"
278-->src\main\AndroidManifest.xml:262:13-84
279            android:exported="false" />
279-->src\main\AndroidManifest.xml:263:13-37
280        <activity
280-->src\main\AndroidManifest.xml:264:9-266:40
281            android:name="com.bekambimouen.miiokychallenge.child_recyclerview_share.comment.ChildRecyclerResponseCommentShare"
281-->src\main\AndroidManifest.xml:265:13-95
282            android:exported="false" />
282-->src\main\AndroidManifest.xml:266:13-37
283        <activity
283-->src\main\AndroidManifest.xml:267:9-269:40
284            android:name="com.bekambimouen.miiokychallenge.challenges_view_all.ViewGridCategories"
284-->src\main\AndroidManifest.xml:268:13-67
285            android:exported="false" />
285-->src\main\AndroidManifest.xml:269:13-37
286        <activity
286-->src\main\AndroidManifest.xml:270:9-272:40
287            android:name="com.bekambimouen.miiokychallenge.groups.publication.GroupPubChallengeVideo"
287-->src\main\AndroidManifest.xml:271:13-70
288            android:exported="false" />
288-->src\main\AndroidManifest.xml:272:13-37
289        <activity